<?xml version="1.0" encoding="UTF-8"?>
<!-- Generated by org.testng.reporters.JUnitReportReporter -->
<testsuite hostname="SLB-C6J0533" failures="0" tests="6" name="test.GoogleTest" time="103.863" errors="0" timestamp="2024-08-03T19:56:30 IST" skipped="0">
  <testcase classname="test.GoogleTest" name="Test3" time="15.152"/>
  <testcase classname="test.GoogleTest" name="Test2" time="14.344"/>
  <testcase classname="test.GoogleTest" name="logoDisplay" time="15.661"/>
  <testcase classname="test.GoogleTest" name="Test1" time="15.336"/>
  <testcase classname="test.GoogleTest" name="linkText" time="28.914"/>
  <testcase classname="test.GoogleTest" name="googleTest" time="14.456"/>
</testsuite> <!-- test.GoogleTest -->
