<?xml version="1.0" encoding="UTF-8"?>
<!-- Generated by org.testng.reporters.JUnitReportReporter -->
<testsuite hostname="SLB-C6J0533" failures="0" tests="10" name="test.InvocationCount" time="0.062" errors="0" timestamp="2024-08-03T22:02:30 IST" skipped="0">
  <testcase classname="test.InvocationCount" name="sum" time="0.003"/>
  <testcase classname="test.InvocationCount" name="sum" time="0.003"/>
  <testcase classname="test.InvocationCount" name="sum" time="0.003"/>
  <testcase classname="test.InvocationCount" name="sum" time="0.004"/>
  <testcase classname="test.InvocationCount" name="sum" time="0.003"/>
  <testcase classname="test.InvocationCount" name="sum" time="0.006"/>
  <testcase classname="test.InvocationCount" name="sum" time="0.028"/>
  <testcase classname="test.InvocationCount" name="sum" time="0.004"/>
  <testcase classname="test.InvocationCount" name="sum" time="0.004"/>
  <testcase classname="test.InvocationCount" name="sum" time="0.004"/>
</testsuite> <!-- test.InvocationCount -->
