<?xml version="1.0" encoding="UTF-8"?>
<!-- Generated by org.testng.reporters.JUnitReportReporter -->
<testsuite hostname="SLB-C6J0533" failures="0" tests="2" name="test.Test1" time="0.011" errors="0" timestamp="2024-08-03T16:17:33 IST" skipped="0">
  <testcase classname="test.Test1" name="Test" time="0.008"/>
  <testcase classname="test.Test1" name="Test2" time="0.003"/>
</testsuite> <!-- test.Test1 -->
